\BOOKMARK [1][-]{section.1}{Course Description}{}% 1
\BOOKMARK [2][-]{subsection.1.1}{Class Time and Location}{section.1}% 2
\BOOKMARK [2][-]{subsection.1.2}{Instructor}{section.1}% 3
\BOOKMARK [2][-]{subsection.1.3}{Office Hours}{section.1}% 4
\BOOKMARK [2][-]{subsection.1.4}{Recommended Texts}{section.1}% 5
\BOOKMARK [1][-]{section.2}{Mode of Instruction}{}% 6
\BOOKMARK [1][-]{section.3}{Course Materials}{}% 7
\BOOKMARK [1][-]{section.4}{Learning Objective}{}% 8
\BOOKMARK [1][-]{section.5}{Attendance Policy}{}% 9
\BOOKMARK [1][-]{section.6}{Course Assessment}{}% 10
\BOOKMARK [2][-]{subsection.6.1}{Participation and Engagement}{section.6}% 11
\BOOKMARK [2][-]{subsection.6.2}{Mini-quizzes}{section.6}% 12
\BOOKMARK [2][-]{subsection.6.3}{Classical literature feedback}{section.6}% 13
\BOOKMARK [2][-]{subsection.6.4}{Recent literature article feedback}{section.6}% 14
\BOOKMARK [2][-]{subsection.6.5}{Literature Review}{section.6}% 15
\BOOKMARK [1][-]{section.7}{Grading}{}% 16
\BOOKMARK [1][-]{section.8}{Grading Scale}{}% 17
\BOOKMARK [1][-]{section.9}{Missing In-class Activities}{}% 18
\BOOKMARK [1][-]{section.10}{Special Considerations}{}% 19
\BOOKMARK [2][-]{subsection.10.1}{AI Use}{section.10}% 20
\BOOKMARK [1][-]{section.11}{Plagiarism Statement}{}% 21
